\BOOKMARK [0][-]{section*.1}{Resumen}{}% 1
\BOOKMARK [0][-]{chapter.7}{\376\377\000I\000n\000t\000r\000o\000d\000u\000c\000c\000i\000\363\000n}{}% 2
\BOOKMARK [1][-]{section.8}{Conceptos\040generales\040de\040radares}{chapter.7}% 3
\BOOKMARK [2][-]{subsection.9}{Radar}{section.8}% 4
\BOOKMARK [2][-]{subsection.12}{\376\377\000M\000e\000d\000i\000c\000i\000\363\000n\000\040\000d\000e\000\040\000d\000i\000s\000t\000a\000n\000c\000i\000a}{section.8}% 5
\BOOKMARK [2][-]{subsection.14}{Interferencias}{section.8}% 6
\BOOKMARK [1][-]{section.15}{\376\377\000P\000r\000o\000c\000e\000s\000a\000m\000i\000e\000n\000t\000o\000\040\000d\000e\000\040\000l\000a\000\040\000s\000e\000\361\000a\000l\000\040\000d\000e\000\040\000r\000a\000d\000a\000r}{chapter.7}% 7
\BOOKMARK [2][-]{subsection.16}{EDDR}{section.15}% 8
\BOOKMARK [1][-]{section.17}{\376\377\000T\000\351\000c\000n\000i\000c\000a\000s\000\040\000C\000F\000A\000R}{chapter.7}% 9
\BOOKMARK [2][-]{subsection.18}{CA-CFAR}{section.17}% 10
\BOOKMARK [2][-]{subsection.21}{\376\377\000T\000\351\000c\000n\000i\000c\000a\000s\000\040\000C\000A\000-\000C\000F\000A\000R\000\040\000r\000e\000l\000a\000c\000i\000o\000n\000a\000d\000a\000s}{section.17}% 11
\BOOKMARK [2][-]{subsection.22}{\376\377\000O\000t\000r\000a\000s\000\040\000t\000\351\000c\000n\000i\000c\000a\000s\000\040\000C\000F\000A\000R}{section.17}% 12
\BOOKMARK [1][-]{section.23}{FPGA}{chapter.7}% 13
\BOOKMARK [2][-]{subsection.25}{SoC-FPGA}{section.23}% 14
\BOOKMARK [1][-]{section.26}{\376\377\000B\000l\000o\000q\000u\000e\000s\000\040\000b\000\341\000s\000i\000c\000o\000s\000\040\000d\000e\000\040\000u\000n\000a\000\040\000F\000P\000G\000A}{chapter.7}% 15
\BOOKMARK [2][-]{subsection.27}{ALM}{section.26}% 16
\BOOKMARK [2][-]{subsection.29}{Bloques\040de\040memoria}{section.26}% 17
\BOOKMARK [2][-]{subsection.30}{Relojes\040y\040PLLs}{section.26}% 18
\BOOKMARK [2][-]{subsection.31}{Hard\040Processor\040System}{section.26}% 19
\BOOKMARK [1][-]{section.32}{\376\377\000N\000i\000v\000e\000l\000e\000s\000\040\000d\000e\000\040\000a\000b\000s\000t\000r\000a\000c\000c\000i\000\363\000n\000\040\000e\000n\000\040\000e\000l\000\040\000d\000i\000s\000e\000\361\000o\000\040\000d\000i\000g\000i\000t\000a\000l}{chapter.7}% 20
\BOOKMARK [1][-]{section.33}{\376\377\000L\000e\000n\000g\000u\000a\000j\000e\000\040\000d\000e\000\040\000d\000e\000s\000c\000r\000i\000p\000c\000i\000\363\000n\000\040\000d\000e\000\040\000h\000a\000r\000d\000w\000a\000r\000e}{chapter.7}% 21
\BOOKMARK [2][-]{subsection.34}{\376\377\000A\000s\000p\000e\000c\000t\000o\000s\000\040\000b\000\341\000s\000i\000c\000o\000s\000\040\000d\000e\000l\000\040\000l\000e\000n\000g\000u\000a\000j\000e\000\040\000V\000H\000D\000L}{section.33}% 22
\BOOKMARK [3][-]{section*.35}{\376\377\000E\000n\000t\000i\000d\000a\000d\000\040\000d\000e\000\040\000d\000i\000s\000e\000\361\000o}{subsection.34}% 23
\BOOKMARK [3][-]{section*.37}{\376\377\000A\000r\000q\000u\000i\000t\000e\000c\000t\000u\000r\000a\000\040\000d\000e\000\040\000d\000i\000s\000e\000\361\000o}{subsection.34}% 24
\BOOKMARK [2][-]{subsection.39}{Verilog}{section.33}% 25
\BOOKMARK [1][-]{section.41}{\376\377\000F\000l\000u\000j\000o\000\040\000d\000e\000\040\000d\000i\000s\000e\000\361\000o}{chapter.7}% 26
\BOOKMARK [2][-]{subsection.42}{\376\377\000D\000i\000s\000e\000\361\000o}{section.41}% 27
\BOOKMARK [2][-]{subsection.43}{\376\377\000S\000i\000m\000u\000l\000a\000c\000i\000\363\000n}{section.41}% 28
\BOOKMARK [2][-]{subsection.49}{\376\377\000S\000\355\000n\000t\000e\000s\000i\000s}{section.41}% 29
\BOOKMARK [2][-]{subsection.53}{\376\377\000I\000m\000p\000l\000e\000m\000e\000n\000t\000a\000c\000i\000\363\000n}{section.41}% 30
\BOOKMARK [2][-]{subsection.54}{\376\377\000C\000o\000n\000f\000i\000g\000u\000r\000a\000c\000i\000\363\000n}{section.41}% 31
\BOOKMARK [0][-]{chapter.55}{Materiales\040y\040metodos}{}% 32
\BOOKMARK [1][-]{section.56}{Dispositivos\040y\040herramientas\040utilizadas}{chapter.55}% 33
\BOOKMARK [2][-]{subsection.57}{Placa\040ADC-SoC\040de\040TerasIC}{section.56}% 34
\BOOKMARK [2][-]{subsection.60}{Quartus\040Prime}{section.56}% 35
\BOOKMARK [3][-]{section*.61}{Visores\040de\040netlist}{subsection.60}% 36
\BOOKMARK [2][-]{subsection.63}{ModelSim}{section.56}% 37
\BOOKMARK [0][-]{chapter.64}{\376\377\000D\000i\000s\000e\000\361\000o\000\040\000e\000\040\000I\000m\000p\000l\000e\000m\000e\000n\000t\000a\000c\000i\000\363\000n}{}% 38
\BOOKMARK [1][-]{section.65}{Requerimientos\040y\040especificaciones\040del\040proyecto}{chapter.64}% 39
\BOOKMARK [2][-]{subsection.66}{Requerimientos}{section.65}% 40
\BOOKMARK [2][-]{subsection.67}{Especificaciones}{section.65}% 41
\BOOKMARK [1][-]{section.68}{\376\377\000A\000n\000\341\000l\000i\000s\000i\000s\000\040\000d\000e\000l\000\040\000s\000o\000f\000t\000w\000a\000r\000e}{chapter.64}% 42
\BOOKMARK [0][-]{chapter.98}{Ensayos\040y\040Resultados}{}% 43
\BOOKMARK [1][-]{section.99}{Pruebas\040funcionales\040del\040hardware}{chapter.98}% 44
\BOOKMARK [0][-]{chapter.100}{Conclusiones}{}% 45
\BOOKMARK [1][-]{section.101}{Conclusiones\040generales\040}{chapter.100}% 46
\BOOKMARK [1][-]{section.102}{\376\377\000P\000r\000\363\000x\000i\000m\000o\000s\000\040\000p\000a\000s\000o\000s}{chapter.100}% 47
